<?xml version="1.0" encoding="UTF-8"?>
<testsuite name="com.ecom.portal.resource.SearchResourceTest" tests="3" skipped="0" failures="0" errors="0" timestamp="2020-05-09T12:53:01" hostname="JCPSI70WJ" time="0.074">
  <properties/>
  <testcase name="shouldAbleToHandleExceptionOne" classname="com.ecom.portal.resource.SearchResourceTest" time="0.035"/>
  <testcase name="shouldAbleToHandleException" classname="com.ecom.portal.resource.SearchResourceTest" time="0.001"/>
  <testcase name="shouldAbleToreturnBasedOnSkuId" classname="com.ecom.portal.resource.SearchResourceTest" time="0.037"/>
  <system-out><![CDATA[]]></system-out>
  <system-err><![CDATA[]]></system-err>
</testsuite>
