<?xml version="1.0" encoding="UTF-8"?>
<testsuite name="com.ecom.portal.PortalApplicationTests" tests="1" skipped="0" failures="0" errors="0" timestamp="2020-05-09T12:53:06" hostname="JCPSI70WJ" time="0.033">
  <properties/>
  <testcase name="contextLoads()" classname="com.ecom.portal.PortalApplicationTests" time="0.033"/>
  <system-out><![CDATA[18:23:01.834 [Test worker] DEBUG org.springframework.test.context.BootstrapUtils - Instantiating CacheAwareContextLoaderDelegate from class [org.springframework.test.context.cache.DefaultCacheAwareContextLoaderDelegate]
18:23:01.843 [Test worker] DEBUG org.springframework.test.context.BootstrapUtils - Instantiating BootstrapContext using constructor [public org.springframework.test.context.support.DefaultBootstrapContext(java.lang.Class,org.springframework.test.context.CacheAwareContextLoaderDelegate)]
18:23:01.873 [Test worker] DEBUG org.springframework.test.context.BootstrapUtils - Instantiating TestContextBootstrapper for test class [com.ecom.portal.PortalApplicationTests] from class [org.springframework.boot.test.context.SpringBootTestContextBootstrapper]
18:23:01.898 [Test worker] INFO org.springframework.boot.test.context.SpringBootTestContextBootstrapper - Neither @ContextConfiguration nor @ContextHierarchy found for test class [com.ecom.portal.PortalApplicationTests], using SpringBootContextLoader
18:23:01.902 [Test worker] DEBUG org.springframework.test.context.support.AbstractContextLoader - Did not detect default resource location for test class [com.ecom.portal.PortalApplicationTests]: class path resource [com/ecom/portal/PortalApplicationTests-context.xml] does not exist
18:23:01.902 [Test worker] DEBUG org.springframework.test.context.support.AbstractContextLoader - Did not detect default resource location for test class [com.ecom.portal.PortalApplicationTests]: class path resource [com/ecom/portal/PortalApplicationTestsContext.groovy] does not exist
18:23:01.903 [Test worker] INFO org.springframework.test.context.support.AbstractContextLoader - Could not detect default resource locations for test class [com.ecom.portal.PortalApplicationTests]: no resource found for suffixes {-context.xml, Context.groovy}.
18:23:01.904 [Test worker] INFO org.springframework.test.context.support.AnnotationConfigContextLoaderUtils - Could not detect default configuration classes for test class [com.ecom.portal.PortalApplicationTests]: PortalApplicationTests does not declare any static, non-private, non-final, nested classes annotated with @Configuration.
18:23:01.954 [Test worker] DEBUG org.springframework.test.context.support.ActiveProfilesUtils - Could not find an 'annotation declaring class' for annotation type [org.springframework.test.context.ActiveProfiles] and class [com.ecom.portal.PortalApplicationTests]
18:23:02.036 [Test worker] DEBUG org.springframework.context.annotation.ClassPathScanningCandidateComponentProvider - Identified candidate component class: file [/Users/asoni2/Downloads/portal/build/classes/java/main/com/ecom/portal/PortalApplication.class]
18:23:02.037 [Test worker] INFO org.springframework.boot.test.context.SpringBootTestContextBootstrapper - Found @SpringBootConfiguration com.ecom.portal.PortalApplication for test class com.ecom.portal.PortalApplicationTests
18:23:02.171 [Test worker] DEBUG org.springframework.boot.test.context.SpringBootTestContextBootstrapper - @TestExecutionListeners is not present for class [com.ecom.portal.PortalApplicationTests]: using defaults.
18:23:02.172 [Test worker] INFO org.springframework.boot.test.context.SpringBootTestContextBootstrapper - Loaded default TestExecutionListener class names from location [META-INF/spring.factories]: [org.springframework.boot.test.autoconfigure.restdocs.RestDocsTestExecutionListener, org.springframework.boot.test.autoconfigure.web.client.MockRestServiceServerResetTestExecutionListener, org.springframework.boot.test.autoconfigure.web.servlet.MockMvcPrintOnlyOnFailureTestExecutionListener, org.springframework.boot.test.autoconfigure.web.servlet.WebDriverTestExecutionListener, org.springframework.boot.test.mock.mockito.MockitoTestExecutionListener, org.springframework.boot.test.mock.mockito.ResetMocksTestExecutionListener, org.springframework.test.context.web.ServletTestExecutionListener, org.springframework.test.context.support.DirtiesContextBeforeModesTestExecutionListener, org.springframework.test.context.support.DependencyInjectionTestExecutionListener, org.springframework.test.context.support.DirtiesContextTestExecutionListener, org.springframework.test.context.transaction.TransactionalTestExecutionListener, org.springframework.test.context.jdbc.SqlScriptsTestExecutionListener, org.springframework.test.context.event.EventPublishingTestExecutionListener]
18:23:02.190 [Test worker] INFO org.springframework.boot.test.context.SpringBootTestContextBootstrapper - Using TestExecutionListeners: [org.springframework.test.context.web.ServletTestExecutionListener@179b882b, org.springframework.test.context.support.DirtiesContextBeforeModesTestExecutionListener@1464985f, org.springframework.boot.test.mock.mockito.MockitoTestExecutionListener@6e5e92a6, org.springframework.boot.test.autoconfigure.SpringBootDependencyInjectionTestExecutionListener@21cd580e, org.springframework.test.context.support.DirtiesContextTestExecutionListener@6a5c46cc, org.springframework.test.context.transaction.TransactionalTestExecutionListener@5aca9db8, org.springframework.test.context.jdbc.SqlScriptsTestExecutionListener@409befe5, org.springframework.test.context.event.EventPublishingTestExecutionListener@b5dc2d0, org.springframework.boot.test.autoconfigure.restdocs.RestDocsTestExecutionListener@33f9f51, org.springframework.boot.test.autoconfigure.web.client.MockRestServiceServerResetTestExecutionListener@d96f5d3, org.springframework.boot.test.autoconfigure.web.servlet.MockMvcPrintOnlyOnFailureTestExecutionListener@12edd743, org.springframework.boot.test.autoconfigure.web.servlet.WebDriverTestExecutionListener@77c3cc8c, org.springframework.boot.test.mock.mockito.ResetMocksTestExecutionListener@8790032]
18:23:02.194 [Test worker] DEBUG org.springframework.test.context.support.AbstractDirtiesContextTestExecutionListener - Before test class: context [DefaultTestContext@3f63ffd0 testClass = PortalApplicationTests, testInstance = [null], testMethod = [null], testException = [null], mergedContextConfiguration = [WebMergedContextConfiguration@63fe4c7d testClass = PortalApplicationTests, locations = '{}', classes = '{class com.ecom.portal.PortalApplication}', contextInitializerClasses = '[]', activeProfiles = '{}', propertySourceLocations = '{}', propertySourceProperties = '{org.springframework.boot.test.context.SpringBootTestContextBootstrapper=true}', contextCustomizers = set[org.springframework.boot.test.autoconfigure.properties.PropertyMappingContextCustomizer@0, org.springframework.boot.test.autoconfigure.web.servlet.WebDriverContextCustomizerFactory$Customizer@47754e58, org.springframework.boot.test.context.filter.ExcludeFilterContextCustomizer@ce54b2, org.springframework.boot.test.json.DuplicateJsonObjectContextCustomizerFactory$DuplicateJsonObjectContextCustomizer@165b96e8, org.springframework.boot.test.mock.mockito.MockitoContextCustomizer@0, org.springframework.boot.test.web.client.TestRestTemplateContextCustomizer@7dfad3b9, org.springframework.boot.test.context.SpringBootTestArgs@1], resourceBasePath = 'src/main/webapp', contextLoader = 'org.springframework.boot.test.context.SpringBootContextLoader', parent = [null]], attributes = map['org.springframework.test.context.web.ServletTestExecutionListener.activateListener' -> true]], class annotated with @DirtiesContext [false] with mode [null].
18:23:02.222 [Test worker] DEBUG org.springframework.test.context.support.TestPropertySourceUtils - Adding inlined properties to environment: {spring.jmx.enabled=false, org.springframework.boot.test.context.SpringBootTestContextBootstrapper=true, server.port=-1}

  .   ____          _            __ _ _
 /\\ / ___'_ __ _ _(_)_ __  __ _ \ \ \ \
( ( )\___ | '_ | '_| | '_ \/ _` | \ \ \ \
 \\/  ___)| |_)| | | | | || (_| |  ) ) ) )
  '  |____| .__|_| |_|_| |_\__, | / / / /
 =========|_|==============|___/=/_/_/_/
 :: Spring Boot ::        (v2.2.7.RELEASE)

2020-05-09 18:23:02.597  INFO 16012 --- [    Test worker] com.ecom.portal.PortalApplicationTests   : Starting PortalApplicationTests on JCPSI70WJ with PID 16012 (started by asoni2 in /Users/asoni2/Downloads/portal)
2020-05-09 18:23:02.599  INFO 16012 --- [    Test worker] com.ecom.portal.PortalApplicationTests   : No active profile set, falling back to default profiles: default
2020-05-09 18:23:03.399  INFO 16012 --- [    Test worker] .s.d.r.c.RepositoryConfigurationDelegate : Bootstrapping Spring Data Reactive Cassandra repositories in DEFAULT mode.
2020-05-09 18:23:03.469  INFO 16012 --- [    Test worker] .s.d.r.c.RepositoryConfigurationDelegate : Finished Spring Data repository scanning in 62ms. Found 0 Reactive Cassandra repository interfaces.
2020-05-09 18:23:03.478  INFO 16012 --- [    Test worker] .s.d.r.c.RepositoryConfigurationDelegate : Bootstrapping Spring Data Cassandra repositories in DEFAULT mode.
2020-05-09 18:23:03.571  INFO 16012 --- [    Test worker] .s.d.r.c.RepositoryConfigurationDelegate : Finished Spring Data repository scanning in 92ms. Found 1 Cassandra repository interfaces.
2020-05-09 18:23:04.032  INFO 16012 --- [    Test worker] com.datastax.driver.core                 : DataStax Java driver 3.7.2 for Apache Cassandra
2020-05-09 18:23:04.046  INFO 16012 --- [    Test worker] c.d.driver.core.GuavaCompatibility       : Detected Guava >= 19 in the classpath, using modern compatibility layer
2020-05-09 18:23:04.374  INFO 16012 --- [    Test worker] com.datastax.driver.core.ClockFactory    : Using native clock to generate timestamps.
2020-05-09 18:23:04.782  INFO 16012 --- [    Test worker] com.datastax.driver.core.NettyUtil       : Did not find Netty's native epoll transport in the classpath, defaulting to NIO.
2020-05-09 18:23:05.191  WARN 16012 --- [    Test worker] com.datastax.driver.core.Cluster         : You listed localhost/0:0:0:0:0:0:0:1:9042 in your contact points, but it wasn't found in the control host's system.peers at startup
2020-05-09 18:23:05.373  INFO 16012 --- [    Test worker] c.d.d.c.p.DCAwareRoundRobinPolicy        : Using data-center name 'datacenter1' for DCAwareRoundRobinPolicy (if this is incorrect, please provide the correct datacenter name with DCAwareRoundRobinPolicy constructor)
2020-05-09 18:23:05.375  INFO 16012 --- [    Test worker] com.datastax.driver.core.Cluster         : New Cassandra host localhost/127.0.0.1:9042 added
2020-05-09 18:23:06.210  INFO 16012 --- [    Test worker] o.s.s.concurrent.ThreadPoolTaskExecutor  : Initializing ExecutorService 'applicationTaskExecutor'
2020-05-09 18:23:06.627  INFO 16012 --- [    Test worker] com.ecom.portal.PortalApplicationTests   : Started PortalApplicationTests in 4.391 seconds (JVM running for 6.639)
]]></system-out>
  <system-err><![CDATA[]]></system-err>
</testsuite>
